<?xml version="1.0" encoding="UTF-8"?>
<TestRun id="044b0ee7-340f-47eb-977e-303cb76d7bd5" name="Gerry@EREBUS 2012-07-26 23:48:41" runUser="EREBUS\Gerry" xmlns="http://microsoft.com/schemas/VisualStudio/TeamTest/2010">
  <TestSettings name="Local" id="6af298e4-b41d-49b1-affd-d827480eb552">
    <Description>These are default test settings for a local test run.</Description>
    <Deployment enabled="false" runDeploymentRoot="Gerry_EREBUS 2012-07-26 23_48_41">
      <DeploymentItem filename="C:\Users\Gerry\Documents\GitHub\EF_Project\RateMyAmenity2\RateMyAmenity\packages\Newtonsoft.Json.4.5.1\lib\net40\Newtonsoft.Json.dll" />
      <DeploymentItem filename="C:\Program Files\Microsoft ASP.NET\ASP.NET MVC 4\Assemblies\System.Net.Http.WebRequest.dll" />
      <DeploymentItem filename="C:\Users\Gerry\Documents\GitHub\EF_Project\RateMyAmenity2\RateMyAmenity\packages\WebGrease.1.0.0\lib\WebGrease.dll" />
      <DeploymentItem filename="C:\Program Files\Microsoft ASP.NET\ASP.NET MVC 4\Assemblies\System.Web.Http.WebHost.dll" />
      <DeploymentItem filename="C:\Program Files\Microsoft ASP.NET\ASP.NET MVC 4\Assemblies\System.Net.Http.Formatting.dll" />
      <DeploymentItem filename="C:\Program Files\Microsoft ASP.NET\ASP.NET Web Pages\v2.0\Assemblies\System.Web.WebPages.Deployment.dll" />
      <DeploymentItem filename="C:\Program Files\Microsoft ASP.NET\ASP.NET MVC 4\Assemblies\System.Net.Http.dll" />
      <DeploymentItem filename="C:\Program Files\Microsoft ASP.NET\ASP.NET Web Pages\v2.0\Assemblies\System.Web.Razor.dll" />
      <DeploymentItem filename="C:\Program Files\Microsoft ASP.NET\ASP.NET Web Pages\v2.0\Assemblies\System.Web.WebPages.dll" />
      <DeploymentItem filename="C:\Users\Gerry\Documents\GitHub\EF_Project\RateMyAmenity2\RateMyAmenity\packages\EntityFramework.5.0.0-rc\lib\net40\EntityFramework.dll" />
      <DeploymentItem filename="C:\Users\Gerry\Documents\GitHub\EF_Project\RateMyAmenity2\RateMyAmenity\RateMyAmenity\bin\RateMyAmenity.dll" />
      <DeploymentItem filename="C:\Users\Gerry\Documents\GitHub\EF_Project\RateMyAmenity2\RateMyAmenity\packages\Microsoft.AspNet.Providers.Core.1.0\lib\net40\System.Web.Providers.dll" />
      <DeploymentItem filename="C:\Program Files\Microsoft ASP.NET\ASP.NET Web Pages\v2.0\Assemblies\System.Web.Helpers.dll" />
      <DeploymentItem filename="C:\Users\Gerry\Documents\GitHub\EF_Project\RateMyAmenity2\RateMyAmenity\packages\WebGrease.1.0.0\lib\Antlr3.Runtime.dll" />
      <DeploymentItem filename="C:\Program Files\Microsoft ASP.NET\ASP.NET Web Pages\v2.0\Assemblies\Microsoft.Web.Infrastructure.dll" />
      <DeploymentItem filename="C:\Program Files\Microsoft ASP.NET\ASP.NET Web Pages\v2.0\Assemblies\System.Web.WebPages.Razor.dll" />
      <DeploymentItem filename="C:\Program Files\Microsoft ASP.NET\ASP.NET MVC 4\Assemblies\System.Web.Http.dll" />
      <DeploymentItem filename="C:\Users\Gerry\Documents\GitHub\EF_Project\RateMyAmenity2\RateMyAmenity\packages\Microsoft.AspNet.Web.Optimization.1.0.0-beta2\lib\net40\System.Web.Optimization.dll" />
      <DeploymentItem filename="C:\Program Files\Microsoft ASP.NET\ASP.NET MVC 4\Assemblies\System.Web.Mvc.dll" />
    </Deployment>
    <Execution>
      <TestTypeSpecific />
      <AgentRule name="Execution Agents">
      </AgentRule>
    </Execution>
  </TestSettings>
  <Times creation="2012-07-26T23:48:41.3281518+01:00" queuing="2012-07-26T23:48:41.4581592+01:00" start="2012-07-26T23:48:41.4981615+01:00" finish="2012-07-26T23:48:41.7331749+01:00" />
  <ResultSummary outcome="Failed">
    <Counters total="1" executed="1" error="0" failed="1" timeout="0" aborted="0" inconclusive="0" passedButRunAborted="0" notRunnable="0" notExecuted="0" disconnected="0" warning="0" passed="0" completed="0" inProgress="0" pending="0" />
    <RunInfos>
      <RunInfo computerName="EREBUS" outcome="Warning" timestamp="2012-07-26T23:48:41.4541590+01:00">
        <Text>Deployment is currently disabled. The deployment item 'RateMyAmenity.dll' on test 'CSVParserTest.CSVParserTest.parseAmenityTest' was not deployed.</Text>
      </RunInfo>
    </RunInfos>
  </ResultSummary>
  <TestDefinitions>
    <UnitTest name="parseAmenityTest" storage="c:\users\gerry\documents\github\ef_project\ratemyamenity2\ratemyamenity\csvparsertest\bin\debug\csvparsertest.dll" id="4ec337bb-1073-d5fb-57c0-bb93a94fbb6d">
      <DeploymentItems>
        <DeploymentItem filename="RateMyAmenity.dll" />
      </DeploymentItems>
      <Execution id="51967a9f-936b-4740-b2c6-623a2c050102" />
      <TestMethod codeBase="C:/Users/Gerry/Documents/GitHub/EF_Project/RateMyAmenity2/RateMyAmenity/CSVParserTest/bin/Debug/CSVParserTest.DLL" adapterTypeName="Microsoft.VisualStudio.TestTools.TestTypes.Unit.UnitTestAdapter, Microsoft.VisualStudio.QualityTools.Tips.UnitTest.Adapter, Version=10.0.0.0, Culture=neutral, PublicKeyToken=b03f5f7f11d50a3a" className="CSVParserTest.CSVParserTest, CSVParserTest, Version=1.0.0.0, Culture=neutral, PublicKeyToken=null" name="parseAmenityTest" />
      <AspNet webSiteUrl="http://localhost:57136/">
        <Host pathToWebApp="C:\Users\mcoffey\EF_Project\RateMyAmenity2\RateMyAmenity\RateMyAmenity" webAppRoot="/" />
      </AspNet>
    </UnitTest>
  </TestDefinitions>
  <TestLists>
    <TestList name="Results Not in a List" id="8c84fa94-04c1-424b-9868-57a2d4851a1d" />
    <TestList name="All Loaded Results" id="19431567-8539-422a-85d7-44ee4e166bda" />
  </TestLists>
  <TestEntries>
    <TestEntry testId="4ec337bb-1073-d5fb-57c0-bb93a94fbb6d" executionId="51967a9f-936b-4740-b2c6-623a2c050102" testListId="8c84fa94-04c1-424b-9868-57a2d4851a1d" />
  </TestEntries>
  <Results>
    <UnitTestResult executionId="51967a9f-936b-4740-b2c6-623a2c050102" testId="4ec337bb-1073-d5fb-57c0-bb93a94fbb6d" testName="parseAmenityTest" computerName="EREBUS" startTime="2012-07-26T23:48:41.6511702+01:00" endTime="2012-07-26T23:48:41.6551705+01:00" testType="13cdc9d9-ddb5-4fa4-a97d-d965ccfc6d4b" outcome="Failed" testListId="8c84fa94-04c1-424b-9868-57a2d4851a1d" relativeResultsDirectory="51967a9f-936b-4740-b2c6-623a2c050102">
      <Output>
        <ErrorInfo>
          <Message>The Web site path 'C:\Users\mcoffey\EF_Project\RateMyAmenity2\RateMyAmenity\RateMyAmenity' does not exist. Tests configured to run in ASP.NET Development Server must specify a valid path to the Web site. Correct the AspNetDevelopmentServerHost attribute for the test. For more information about ASP.NET unit tests, see "How to: Create an ASP.NET Unit Test" (http://go.microsoft.com/fwlink/?LinkId=62608) and "Testing Web Services" (http://go.microsoft.com/fwlink/?LinkId=62609) in the MSDN Library.</Message>
        </ErrorInfo>
      </Output>
    </UnitTestResult>
  </Results>
</TestRun>