<?xml version="1.0" encoding="UTF-8"?>
<TestRun id="774e83a2-4311-465c-adeb-8d688703a994" name="mcoffey@BOOTCAMP 2012-07-03 16:47:34" runUser="Bootcamp\mcoffey" xmlns="http://microsoft.com/schemas/VisualStudio/TeamTest/2010">
  <TestSettings name="Default Test Settings" id="d0db62c6-e23f-4e8f-b2e2-fa844e8d45c9">
    <Deployment runDeploymentRoot="mcoffey_BOOTCAMP 2012-07-03 16_47_34">
      <DeploymentItem filename="C:\Users\mcoffey\EF_Project\RateMyAmenity2\RateMyAmenity\packages\Microsoft.AspNet.Web.Optimization.1.0.0-beta2\lib\net40\System.Web.Optimization.dll" />
      <DeploymentItem filename="C:\Program Files\Microsoft ASP.NET\ASP.NET MVC 4\Assemblies\System.Net.Http.WebRequest.dll" />
      <DeploymentItem filename="C:\Program Files\Microsoft ASP.NET\ASP.NET MVC 4\Assemblies\System.Web.Http.WebHost.dll" />
      <DeploymentItem filename="C:\Program Files\Microsoft ASP.NET\ASP.NET MVC 4\Assemblies\System.Net.Http.Formatting.dll" />
      <DeploymentItem filename="C:\Users\mcoffey\EF_Project\RateMyAmenity2\RateMyAmenity\packages\WebGrease.1.0.0\lib\Antlr3.Runtime.dll" />
      <DeploymentItem filename="C:\Program Files\Microsoft ASP.NET\ASP.NET Web Pages\v2.0\Assemblies\System.Web.WebPages.Deployment.dll" />
      <DeploymentItem filename="C:\Program Files\Microsoft ASP.NET\ASP.NET MVC 4\Assemblies\System.Net.Http.dll" />
      <DeploymentItem filename="C:\Program Files\Microsoft ASP.NET\ASP.NET Web Pages\v2.0\Assemblies\System.Web.Razor.dll" />
      <DeploymentItem filename="C:\Users\mcoffey\EF_Project\RateMyAmenity2\RateMyAmenity\packages\Newtonsoft.Json.4.5.1\lib\net40\Newtonsoft.Json.dll" />
      <DeploymentItem filename="C:\Program Files\Microsoft ASP.NET\ASP.NET Web Pages\v2.0\Assemblies\System.Web.WebPages.dll" />
      <DeploymentItem filename="C:\Users\mcoffey\EF_Project\RateMyAmenity2\RateMyAmenity\packages\Microsoft.AspNet.Providers.Core.1.0\lib\net40\System.Web.Providers.dll" />
      <DeploymentItem filename="C:\Users\mcoffey\EF_Project\RateMyAmenity2\RateMyAmenity\packages\EntityFramework.5.0.0-rc\lib\net40\EntityFramework.dll" />
      <DeploymentItem filename="C:\Program Files\Microsoft ASP.NET\ASP.NET Web Pages\v2.0\Assemblies\System.Web.Helpers.dll" />
      <DeploymentItem filename="C:\Program Files\Microsoft ASP.NET\ASP.NET Web Pages\v2.0\Assemblies\Microsoft.Web.Infrastructure.dll" />
      <DeploymentItem filename="C:\Users\mcoffey\EF_Project\RateMyAmenity2\RateMyAmenity\packages\WebGrease.1.0.0\lib\WebGrease.dll" />
      <DeploymentItem filename="C:\Program Files\Microsoft ASP.NET\ASP.NET Web Pages\v2.0\Assemblies\System.Web.WebPages.Razor.dll" />
      <DeploymentItem filename="C:\Program Files\Microsoft ASP.NET\ASP.NET MVC 4\Assemblies\System.Web.Http.dll" />
      <DeploymentItem filename="C:\Program Files\Microsoft ASP.NET\ASP.NET MVC 4\Assemblies\System.Web.Mvc.dll" />
      <DeploymentItem filename="C:\Users\mcoffey\EF_Project\RateMyAmenity2\RateMyAmenity\RateMyAmenity\bin\RateMyAmenity.dll" />
    </Deployment>
    <Execution>
      <TestTypeSpecific />
      <AgentRule name="Execution Agents">
      </AgentRule>
    </Execution>
  </TestSettings>
  <Times creation="2012-07-03T16:47:34.7300000+01:00" queuing="2012-07-03T16:47:35.4420000+01:00" start="2012-07-03T16:47:35.4570000+01:00" finish="2012-07-03T16:47:36.5820000+01:00" />
  <ResultSummary outcome="Error">
    <Counters total="6" executed="6" passed="3" error="2" failed="1" timeout="0" aborted="0" inconclusive="0" passedButRunAborted="0" notRunnable="0" notExecuted="0" disconnected="0" warning="0" completed="0" inProgress="0" pending="0" />
  </ResultSummary>
  <TestDefinitions>
    <UnitTest name="supportsTypeTest2" storage="c:\users\mcoffey\ef_project\ratemyamenity2\ratemyamenity\csvparsertest\bin\debug\csvparsertest.dll" id="e1252009-4a8c-0eba-c607-bfb1a3f6e85f">
      <Execution id="a40b24d2-f09b-4aef-91f2-dd10d566a574" />
      <TestMethod codeBase="C:/Users/mcoffey/EF_Project/RateMyAmenity2/RateMyAmenity/CSVParserTest/bin/Debug/CSVParserTest.DLL" adapterTypeName="Microsoft.VisualStudio.TestTools.TestTypes.Unit.UnitTestAdapter, Microsoft.VisualStudio.QualityTools.Tips.UnitTest.Adapter, Version=10.0.0.0, Culture=neutral, PublicKeyToken=b03f5f7f11d50a3a" className="CSVParserTest.CSVParserTest, CSVParserTest, Version=1.0.0.0, Culture=neutral, PublicKeyToken=null" name="supportsTypeTest2" />
    </UnitTest>
    <UnitTest name="CSVParserConstructorTest" storage="c:\users\mcoffey\ef_project\ratemyamenity2\ratemyamenity\csvparsertest\bin\debug\csvparsertest.dll" id="6a236c91-4f56-e5e7-4e69-8b4243ab49ca">
      <Execution id="453ea33a-c34e-48f8-b722-2847712b55d4" />
      <TestMethod codeBase="C:/Users/mcoffey/EF_Project/RateMyAmenity2/RateMyAmenity/CSVParserTest/bin/Debug/CSVParserTest.DLL" adapterTypeName="Microsoft.VisualStudio.TestTools.TestTypes.Unit.UnitTestAdapter, Microsoft.VisualStudio.QualityTools.Tips.UnitTest.Adapter, Version=10.0.0.0, Culture=neutral, PublicKeyToken=b03f5f7f11d50a3a" className="CSVParserTest.CSVParserTest, CSVParserTest, Version=1.0.0.0, Culture=neutral, PublicKeyToken=null" name="CSVParserConstructorTest" />
      <AspNet webSiteUrl="http://localhost:57136/">
        <Host pathToWebApp="C:\Users\mcoffey\EF_Project\RateMyAmenity\RateMyAmenity" webAppRoot="/" />
      </AspNet>
    </UnitTest>
    <UnitTest name="supportsTypeTest1" storage="c:\users\mcoffey\ef_project\ratemyamenity2\ratemyamenity\csvparsertest\bin\debug\csvparsertest.dll" id="705aa877-230b-8f1f-afe4-86fae479dc72">
      <Execution id="bfe06b12-4bf2-4d4f-869b-b94f746c5395" />
      <TestMethod codeBase="C:/Users/mcoffey/EF_Project/RateMyAmenity2/RateMyAmenity/CSVParserTest/bin/Debug/CSVParserTest.DLL" adapterTypeName="Microsoft.VisualStudio.TestTools.TestTypes.Unit.UnitTestAdapter, Microsoft.VisualStudio.QualityTools.Tips.UnitTest.Adapter, Version=10.0.0.0, Culture=neutral, PublicKeyToken=b03f5f7f11d50a3a" className="CSVParserTest.CSVParserTest, CSVParserTest, Version=1.0.0.0, Culture=neutral, PublicKeyToken=null" name="supportsTypeTest1" />
    </UnitTest>
    <UnitTest name="supportsTypeTest3" storage="c:\users\mcoffey\ef_project\ratemyamenity2\ratemyamenity\csvparsertest\bin\debug\csvparsertest.dll" id="42db4b39-5203-7b6a-39b8-2800988ca319">
      <Execution id="a5982aed-95a6-4443-a40e-aa8f48434dbe" />
      <TestMethod codeBase="C:/Users/mcoffey/EF_Project/RateMyAmenity2/RateMyAmenity/CSVParserTest/bin/Debug/CSVParserTest.DLL" adapterTypeName="Microsoft.VisualStudio.TestTools.TestTypes.Unit.UnitTestAdapter, Microsoft.VisualStudio.QualityTools.Tips.UnitTest.Adapter, Version=10.0.0.0, Culture=neutral, PublicKeyToken=b03f5f7f11d50a3a" className="CSVParserTest.CSVParserTest, CSVParserTest, Version=1.0.0.0, Culture=neutral, PublicKeyToken=null" name="supportsTypeTest3" />
    </UnitTest>
    <UnitTest name="parseAmenityTest" storage="c:\users\mcoffey\ef_project\ratemyamenity2\ratemyamenity\csvparsertest\bin\debug\csvparsertest.dll" id="4ec337bb-1073-d5fb-57c0-bb93a94fbb6d">
      <DeploymentItems>
        <DeploymentItem filename="RateMyAmenity.dll" />
      </DeploymentItems>
      <Execution id="ac6642a1-598f-4686-9ac6-afae3871c1ff" />
      <TestMethod codeBase="C:/Users/mcoffey/EF_Project/RateMyAmenity2/RateMyAmenity/CSVParserTest/bin/Debug/CSVParserTest.DLL" adapterTypeName="Microsoft.VisualStudio.TestTools.TestTypes.Unit.UnitTestAdapter, Microsoft.VisualStudio.QualityTools.Tips.UnitTest.Adapter, Version=10.0.0.0, Culture=neutral, PublicKeyToken=b03f5f7f11d50a3a" className="CSVParserTest.CSVParserTest, CSVParserTest, Version=1.0.0.0, Culture=neutral, PublicKeyToken=null" name="parseAmenityTest" />
      <AspNet webSiteUrl="http://localhost:57136/">
        <Host pathToWebApp="C:\Users\mcoffey\EF_Project\RateMyAmenity\RateMyAmenity" webAppRoot="/" />
      </AspNet>
    </UnitTest>
    <UnitTest name="setStreamSourceTest" storage="c:\users\mcoffey\ef_project\ratemyamenity2\ratemyamenity\csvparsertest\bin\debug\csvparsertest.dll" id="cbe7228b-9640-f481-7a05-a1d64c3d6e64">
      <Execution id="f9a8a0b3-1e5b-49ec-974e-509a31364d4e" />
      <TestMethod codeBase="C:/Users/mcoffey/EF_Project/RateMyAmenity2/RateMyAmenity/CSVParserTest/bin/Debug/CSVParserTest.DLL" adapterTypeName="Microsoft.VisualStudio.TestTools.TestTypes.Unit.UnitTestAdapter, Microsoft.VisualStudio.QualityTools.Tips.UnitTest.Adapter, Version=10.0.0.0, Culture=neutral, PublicKeyToken=b03f5f7f11d50a3a" className="CSVParserTest.CSVParserTest, CSVParserTest, Version=1.0.0.0, Culture=neutral, PublicKeyToken=null" name="setStreamSourceTest" />
    </UnitTest>
  </TestDefinitions>
  <TestLists>
    <TestList name="Results Not in a List" id="8c84fa94-04c1-424b-9868-57a2d4851a1d" />
    <TestList name="All Loaded Results" id="19431567-8539-422a-85d7-44ee4e166bda" />
  </TestLists>
  <TestEntries>
    <TestEntry testId="42db4b39-5203-7b6a-39b8-2800988ca319" executionId="a5982aed-95a6-4443-a40e-aa8f48434dbe" testListId="8c84fa94-04c1-424b-9868-57a2d4851a1d" />
    <TestEntry testId="4ec337bb-1073-d5fb-57c0-bb93a94fbb6d" executionId="ac6642a1-598f-4686-9ac6-afae3871c1ff" testListId="8c84fa94-04c1-424b-9868-57a2d4851a1d" />
    <TestEntry testId="6a236c91-4f56-e5e7-4e69-8b4243ab49ca" executionId="453ea33a-c34e-48f8-b722-2847712b55d4" testListId="8c84fa94-04c1-424b-9868-57a2d4851a1d" />
    <TestEntry testId="705aa877-230b-8f1f-afe4-86fae479dc72" executionId="bfe06b12-4bf2-4d4f-869b-b94f746c5395" testListId="8c84fa94-04c1-424b-9868-57a2d4851a1d" />
    <TestEntry testId="cbe7228b-9640-f481-7a05-a1d64c3d6e64" executionId="f9a8a0b3-1e5b-49ec-974e-509a31364d4e" testListId="8c84fa94-04c1-424b-9868-57a2d4851a1d" />
    <TestEntry testId="e1252009-4a8c-0eba-c607-bfb1a3f6e85f" executionId="a40b24d2-f09b-4aef-91f2-dd10d566a574" testListId="8c84fa94-04c1-424b-9868-57a2d4851a1d" />
  </TestEntries>
  <Results>
    <UnitTestResult executionId="a5982aed-95a6-4443-a40e-aa8f48434dbe" testId="42db4b39-5203-7b6a-39b8-2800988ca319" testName="supportsTypeTest3" computerName="BOOTCAMP" duration="00:00:00.0552146" startTime="2012-07-03T16:47:35.4770000+01:00" endTime="2012-07-03T16:47:35.8270000+01:00" testType="13cdc9d9-ddb5-4fa4-a97d-d965ccfc6d4b" outcome="Failed" testListId="8c84fa94-04c1-424b-9868-57a2d4851a1d" relativeResultsDirectory="a5982aed-95a6-4443-a40e-aa8f48434dbe">
      <Output>
        <ErrorInfo>
          <Message>Assert.AreEqual failed. Expected:&lt;False&gt;. Actual:&lt;True&gt;. </Message>
          <StackTrace>   at CSVParserTest.CSVParserTest.supportsTypeTest3() in C:\Users\mcoffey\EF_Project\RateMyAmenity2\RateMyAmenity\CSVParserTest\CSVParserTest.cs:line 161
</StackTrace>
        </ErrorInfo>
      </Output>
    </UnitTestResult>
    <UnitTestResult executionId="ac6642a1-598f-4686-9ac6-afae3871c1ff" testId="4ec337bb-1073-d5fb-57c0-bb93a94fbb6d" testName="parseAmenityTest" computerName="BOOTCAMP" duration="00:00:00.3090000" startTime="2012-07-03T16:47:35.8560000+01:00" endTime="2012-07-03T16:47:36.1650000+01:00" testType="13cdc9d9-ddb5-4fa4-a97d-d965ccfc6d4b" testListId="8c84fa94-04c1-424b-9868-57a2d4851a1d" relativeResultsDirectory="ac6642a1-598f-4686-9ac6-afae3871c1ff">
      <Output>
        <ErrorInfo>
          <Message>The test adapter 'WebHostAdapter' threw an exception while running test 'parseAmenityTest'. The web site could not be configured correctly; getting ASP.NET process information failed. Requesting 'http://localhost:57136/VSEnterpriseHelper.axd' returned an error: The remote server returned an error: (404) Not Found.
The remote server returned an error: (404) Not Found.</Message>
        </ErrorInfo>
      </Output>
    </UnitTestResult>
    <UnitTestResult executionId="453ea33a-c34e-48f8-b722-2847712b55d4" testId="6a236c91-4f56-e5e7-4e69-8b4243ab49ca" testName="CSVParserConstructorTest" computerName="BOOTCAMP" duration="00:00:00.2940000" startTime="2012-07-03T16:47:36.1930000+01:00" endTime="2012-07-03T16:47:36.4870000+01:00" testType="13cdc9d9-ddb5-4fa4-a97d-d965ccfc6d4b" testListId="8c84fa94-04c1-424b-9868-57a2d4851a1d" relativeResultsDirectory="453ea33a-c34e-48f8-b722-2847712b55d4">
      <Output>
        <ErrorInfo>
          <Message>The test adapter 'WebHostAdapter' threw an exception while running test 'CSVParserConstructorTest'. The web site could not be configured correctly; getting ASP.NET process information failed. Requesting 'http://localhost:57136/VSEnterpriseHelper.axd' returned an error: The remote server returned an error: (404) Not Found.
The remote server returned an error: (404) Not Found.</Message>
        </ErrorInfo>
      </Output>
    </UnitTestResult>
    <UnitTestResult executionId="bfe06b12-4bf2-4d4f-869b-b94f746c5395" testId="705aa877-230b-8f1f-afe4-86fae479dc72" testName="supportsTypeTest1" computerName="BOOTCAMP" duration="00:00:00.0002994" startTime="2012-07-03T16:47:36.4910000+01:00" endTime="2012-07-03T16:47:36.5000000+01:00" testType="13cdc9d9-ddb5-4fa4-a97d-d965ccfc6d4b" outcome="Passed" testListId="8c84fa94-04c1-424b-9868-57a2d4851a1d" relativeResultsDirectory="bfe06b12-4bf2-4d4f-869b-b94f746c5395">
    </UnitTestResult>
    <UnitTestResult executionId="f9a8a0b3-1e5b-49ec-974e-509a31364d4e" testId="cbe7228b-9640-f481-7a05-a1d64c3d6e64" testName="setStreamSourceTest" computerName="BOOTCAMP" duration="00:00:00.0282780" startTime="2012-07-03T16:47:36.5030000+01:00" endTime="2012-07-03T16:47:36.5350000+01:00" testType="13cdc9d9-ddb5-4fa4-a97d-d965ccfc6d4b" outcome="Passed" testListId="8c84fa94-04c1-424b-9868-57a2d4851a1d" relativeResultsDirectory="f9a8a0b3-1e5b-49ec-974e-509a31364d4e">
    </UnitTestResult>
    <UnitTestResult executionId="a40b24d2-f09b-4aef-91f2-dd10d566a574" testId="e1252009-4a8c-0eba-c607-bfb1a3f6e85f" testName="supportsTypeTest2" computerName="BOOTCAMP" duration="00:00:00.0002824" startTime="2012-07-03T16:47:36.5380000+01:00" endTime="2012-07-03T16:47:36.5420000+01:00" testType="13cdc9d9-ddb5-4fa4-a97d-d965ccfc6d4b" outcome="Passed" testListId="8c84fa94-04c1-424b-9868-57a2d4851a1d" relativeResultsDirectory="a40b24d2-f09b-4aef-91f2-dd10d566a574">
    </UnitTestResult>
  </Results>
</TestRun>