<?xml version="1.0" encoding="UTF-8"?>
<TestRun id="af838cba-ecb8-46ea-afef-f182ac3188dc" name="mcoffey@BOOTCAMP 2012-07-03 16:15:07" runUser="Bootcamp\mcoffey" xmlns="http://microsoft.com/schemas/VisualStudio/TeamTest/2010">
  <TestSettings name="Default Test Settings" id="97b7914d-5a74-49aa-9384-2cb89906b598">
    <Deployment runDeploymentRoot="mcoffey_BOOTCAMP 2012-07-03 16_15_07">
      <DeploymentItem filename="C:\Users\mcoffey\EF_Project\RateMyAmenity2\RateMyAmenity\packages\Microsoft.AspNet.Web.Optimization.1.0.0-beta2\lib\net40\System.Web.Optimization.dll" />
      <DeploymentItem filename="C:\Program Files\Microsoft ASP.NET\ASP.NET MVC 4\Assemblies\System.Net.Http.WebRequest.dll" />
      <DeploymentItem filename="C:\Program Files\Microsoft ASP.NET\ASP.NET MVC 4\Assemblies\System.Web.Http.WebHost.dll" />
      <DeploymentItem filename="C:\Program Files\Microsoft ASP.NET\ASP.NET MVC 4\Assemblies\System.Net.Http.Formatting.dll" />
      <DeploymentItem filename="C:\Users\mcoffey\EF_Project\RateMyAmenity2\RateMyAmenity\packages\WebGrease.1.0.0\lib\Antlr3.Runtime.dll" />
      <DeploymentItem filename="C:\Program Files\Microsoft ASP.NET\ASP.NET Web Pages\v2.0\Assemblies\System.Web.WebPages.Deployment.dll" />
      <DeploymentItem filename="C:\Program Files\Microsoft ASP.NET\ASP.NET MVC 4\Assemblies\System.Net.Http.dll" />
      <DeploymentItem filename="C:\Program Files\Microsoft ASP.NET\ASP.NET Web Pages\v2.0\Assemblies\System.Web.Razor.dll" />
      <DeploymentItem filename="C:\Users\mcoffey\EF_Project\RateMyAmenity2\RateMyAmenity\packages\Newtonsoft.Json.4.5.1\lib\net40\Newtonsoft.Json.dll" />
      <DeploymentItem filename="C:\Program Files\Microsoft ASP.NET\ASP.NET Web Pages\v2.0\Assemblies\System.Web.WebPages.dll" />
      <DeploymentItem filename="C:\Users\mcoffey\EF_Project\RateMyAmenity2\RateMyAmenity\packages\Microsoft.AspNet.Providers.Core.1.0\lib\net40\System.Web.Providers.dll" />
      <DeploymentItem filename="C:\Users\mcoffey\EF_Project\RateMyAmenity2\RateMyAmenity\packages\EntityFramework.5.0.0-rc\lib\net40\EntityFramework.dll" />
      <DeploymentItem filename="C:\Program Files\Microsoft ASP.NET\ASP.NET Web Pages\v2.0\Assemblies\System.Web.Helpers.dll" />
      <DeploymentItem filename="C:\Program Files\Microsoft ASP.NET\ASP.NET Web Pages\v2.0\Assemblies\Microsoft.Web.Infrastructure.dll" />
      <DeploymentItem filename="C:\Users\mcoffey\EF_Project\RateMyAmenity2\RateMyAmenity\packages\WebGrease.1.0.0\lib\WebGrease.dll" />
      <DeploymentItem filename="C:\Program Files\Microsoft ASP.NET\ASP.NET Web Pages\v2.0\Assemblies\System.Web.WebPages.Razor.dll" />
      <DeploymentItem filename="C:\Program Files\Microsoft ASP.NET\ASP.NET MVC 4\Assemblies\System.Web.Http.dll" />
      <DeploymentItem filename="C:\Program Files\Microsoft ASP.NET\ASP.NET MVC 4\Assemblies\System.Web.Mvc.dll" />
      <DeploymentItem filename="C:\Users\mcoffey\EF_Project\RateMyAmenity2\RateMyAmenity\RateMyAmenity\bin\RateMyAmenity.dll" />
    </Deployment>
    <Execution>
      <TestTypeSpecific />
      <AgentRule name="Execution Agents">
      </AgentRule>
    </Execution>
  </TestSettings>
  <Times creation="2012-07-03T16:15:07.4940000+01:00" queuing="2012-07-03T16:15:08.0890000+01:00" start="2012-07-03T16:15:08.0990000+01:00" finish="2012-07-03T16:15:31.9970000+01:00" />
  <ResultSummary outcome="Failed">
    <Counters total="6" executed="6" passed="3" error="0" failed="3" timeout="0" aborted="0" inconclusive="0" passedButRunAborted="0" notRunnable="0" notExecuted="0" disconnected="0" warning="0" completed="0" inProgress="0" pending="0" />
  </ResultSummary>
  <TestDefinitions>
    <UnitTest name="supportsTypeTest2" storage="c:\users\mcoffey\ef_project\ratemyamenity2\ratemyamenity\csvparsertest\bin\debug\csvparsertest.dll" id="e1252009-4a8c-0eba-c607-bfb1a3f6e85f">
      <Execution id="06d47f92-54a5-41a4-abaa-46ca834625fd" />
      <TestMethod codeBase="C:/Users/mcoffey/EF_Project/RateMyAmenity2/RateMyAmenity/CSVParserTest/bin/Debug/CSVParserTest.DLL" adapterTypeName="Microsoft.VisualStudio.TestTools.TestTypes.Unit.UnitTestAdapter, Microsoft.VisualStudio.QualityTools.Tips.UnitTest.Adapter, Version=10.0.0.0, Culture=neutral, PublicKeyToken=b03f5f7f11d50a3a" className="CSVParserTest.CSVParserTest, CSVParserTest, Version=1.0.0.0, Culture=neutral, PublicKeyToken=null" name="supportsTypeTest2" />
    </UnitTest>
    <UnitTest name="CSVParserConstructorTest" storage="c:\users\mcoffey\ef_project\ratemyamenity2\ratemyamenity\csvparsertest\bin\debug\csvparsertest.dll" id="6a236c91-4f56-e5e7-4e69-8b4243ab49ca">
      <Execution id="800205c7-cf35-4537-9242-31779bfe06a8" />
      <TestMethod codeBase="C:/Users/mcoffey/EF_Project/RateMyAmenity2/RateMyAmenity/CSVParserTest/bin/Debug/CSVParserTest.DLL" adapterTypeName="Microsoft.VisualStudio.TestTools.TestTypes.Unit.UnitTestAdapter, Microsoft.VisualStudio.QualityTools.Tips.UnitTest.Adapter, Version=10.0.0.0, Culture=neutral, PublicKeyToken=b03f5f7f11d50a3a" className="CSVParserTest.CSVParserTest, CSVParserTest, Version=1.0.0.0, Culture=neutral, PublicKeyToken=null" name="CSVParserConstructorTest" />
      <AspNet webSiteUrl="http://localhost:57136/">
        <Host pathToWebApp="C:\Users\mcoffey\EF_Project\RateMyAmenity\RateMyAmenity" webAppRoot="/" />
      </AspNet>
    </UnitTest>
    <UnitTest name="supportsTypeTest1" storage="c:\users\mcoffey\ef_project\ratemyamenity2\ratemyamenity\csvparsertest\bin\debug\csvparsertest.dll" id="705aa877-230b-8f1f-afe4-86fae479dc72">
      <Execution id="2e67d40d-fe91-4853-bf8b-7b2355b04489" />
      <TestMethod codeBase="C:/Users/mcoffey/EF_Project/RateMyAmenity2/RateMyAmenity/CSVParserTest/bin/Debug/CSVParserTest.DLL" adapterTypeName="Microsoft.VisualStudio.TestTools.TestTypes.Unit.UnitTestAdapter, Microsoft.VisualStudio.QualityTools.Tips.UnitTest.Adapter, Version=10.0.0.0, Culture=neutral, PublicKeyToken=b03f5f7f11d50a3a" className="CSVParserTest.CSVParserTest, CSVParserTest, Version=1.0.0.0, Culture=neutral, PublicKeyToken=null" name="supportsTypeTest1" />
    </UnitTest>
    <UnitTest name="supportsTypeTest3" storage="c:\users\mcoffey\ef_project\ratemyamenity2\ratemyamenity\csvparsertest\bin\debug\csvparsertest.dll" id="42db4b39-5203-7b6a-39b8-2800988ca319">
      <Execution id="4512c684-6088-4c1c-a899-a1e3008c1302" />
      <TestMethod codeBase="C:/Users/mcoffey/EF_Project/RateMyAmenity2/RateMyAmenity/CSVParserTest/bin/Debug/CSVParserTest.DLL" adapterTypeName="Microsoft.VisualStudio.TestTools.TestTypes.Unit.UnitTestAdapter, Microsoft.VisualStudio.QualityTools.Tips.UnitTest.Adapter, Version=10.0.0.0, Culture=neutral, PublicKeyToken=b03f5f7f11d50a3a" className="CSVParserTest.CSVParserTest, CSVParserTest, Version=1.0.0.0, Culture=neutral, PublicKeyToken=null" name="supportsTypeTest3" />
    </UnitTest>
    <UnitTest name="parseAmenityTest" storage="c:\users\mcoffey\ef_project\ratemyamenity2\ratemyamenity\csvparsertest\bin\debug\csvparsertest.dll" id="4ec337bb-1073-d5fb-57c0-bb93a94fbb6d">
      <DeploymentItems>
        <DeploymentItem filename="RateMyAmenity.dll" />
      </DeploymentItems>
      <Execution id="1e1e6828-6c69-407e-b686-4a7f5237ffe8" />
      <TestMethod codeBase="C:/Users/mcoffey/EF_Project/RateMyAmenity2/RateMyAmenity/CSVParserTest/bin/Debug/CSVParserTest.DLL" adapterTypeName="Microsoft.VisualStudio.TestTools.TestTypes.Unit.UnitTestAdapter, Microsoft.VisualStudio.QualityTools.Tips.UnitTest.Adapter, Version=10.0.0.0, Culture=neutral, PublicKeyToken=b03f5f7f11d50a3a" className="CSVParserTest.CSVParserTest, CSVParserTest, Version=1.0.0.0, Culture=neutral, PublicKeyToken=null" name="parseAmenityTest" />
      <AspNet webSiteUrl="http://localhost:57136/">
        <Host pathToWebApp="C:\Users\mcoffey\EF_Project\RateMyAmenity\RateMyAmenity" webAppRoot="/" />
      </AspNet>
    </UnitTest>
    <UnitTest name="setStreamSourceTest" storage="c:\users\mcoffey\ef_project\ratemyamenity2\ratemyamenity\csvparsertest\bin\debug\csvparsertest.dll" id="cbe7228b-9640-f481-7a05-a1d64c3d6e64">
      <Execution id="b4f1718e-8440-4401-8758-e5641b999847" />
      <TestMethod codeBase="C:/Users/mcoffey/EF_Project/RateMyAmenity2/RateMyAmenity/CSVParserTest/bin/Debug/CSVParserTest.DLL" adapterTypeName="Microsoft.VisualStudio.TestTools.TestTypes.Unit.UnitTestAdapter, Microsoft.VisualStudio.QualityTools.Tips.UnitTest.Adapter, Version=10.0.0.0, Culture=neutral, PublicKeyToken=b03f5f7f11d50a3a" className="CSVParserTest.CSVParserTest, CSVParserTest, Version=1.0.0.0, Culture=neutral, PublicKeyToken=null" name="setStreamSourceTest" />
    </UnitTest>
  </TestDefinitions>
  <TestLists>
    <TestList name="Results Not in a List" id="8c84fa94-04c1-424b-9868-57a2d4851a1d" />
    <TestList name="All Loaded Results" id="19431567-8539-422a-85d7-44ee4e166bda" />
  </TestLists>
  <TestEntries>
    <TestEntry testId="42db4b39-5203-7b6a-39b8-2800988ca319" executionId="4512c684-6088-4c1c-a899-a1e3008c1302" testListId="8c84fa94-04c1-424b-9868-57a2d4851a1d" />
    <TestEntry testId="4ec337bb-1073-d5fb-57c0-bb93a94fbb6d" executionId="1e1e6828-6c69-407e-b686-4a7f5237ffe8" testListId="8c84fa94-04c1-424b-9868-57a2d4851a1d" />
    <TestEntry testId="6a236c91-4f56-e5e7-4e69-8b4243ab49ca" executionId="800205c7-cf35-4537-9242-31779bfe06a8" testListId="8c84fa94-04c1-424b-9868-57a2d4851a1d" />
    <TestEntry testId="705aa877-230b-8f1f-afe4-86fae479dc72" executionId="2e67d40d-fe91-4853-bf8b-7b2355b04489" testListId="8c84fa94-04c1-424b-9868-57a2d4851a1d" />
    <TestEntry testId="cbe7228b-9640-f481-7a05-a1d64c3d6e64" executionId="b4f1718e-8440-4401-8758-e5641b999847" testListId="8c84fa94-04c1-424b-9868-57a2d4851a1d" />
    <TestEntry testId="e1252009-4a8c-0eba-c607-bfb1a3f6e85f" executionId="06d47f92-54a5-41a4-abaa-46ca834625fd" testListId="8c84fa94-04c1-424b-9868-57a2d4851a1d" />
  </TestEntries>
  <Results>
    <UnitTestResult executionId="4512c684-6088-4c1c-a899-a1e3008c1302" testId="42db4b39-5203-7b6a-39b8-2800988ca319" testName="supportsTypeTest3" computerName="BOOTCAMP" duration="00:00:00.0322092" startTime="2012-07-03T16:15:08.1280000+01:00" endTime="2012-07-03T16:15:08.4610000+01:00" testType="13cdc9d9-ddb5-4fa4-a97d-d965ccfc6d4b" outcome="Passed" testListId="8c84fa94-04c1-424b-9868-57a2d4851a1d" relativeResultsDirectory="4512c684-6088-4c1c-a899-a1e3008c1302">
    </UnitTestResult>
    <UnitTestResult executionId="1e1e6828-6c69-407e-b686-4a7f5237ffe8" testId="4ec337bb-1073-d5fb-57c0-bb93a94fbb6d" testName="parseAmenityTest" computerName="BOOTCAMP" startTime="2012-07-03T16:15:08.5840000+01:00" endTime="2012-07-03T16:15:31.3070000+01:00" testType="13cdc9d9-ddb5-4fa4-a97d-d965ccfc6d4b" outcome="Failed" testListId="8c84fa94-04c1-424b-9868-57a2d4851a1d" relativeResultsDirectory="1e1e6828-6c69-407e-b686-4a7f5237ffe8">
      <Output>
        <ErrorInfo>
          <Message>The Web request 'http://localhost:57136/' completed successfully without running the test. This can occur when configuring the Web application for testing fails (an ASP.NET server error occurs when processing the request), or when no ASP.NET page is executed (the URL may point to an HTML page, a Web service, or a directory listing). Running tests in ASP.NET requires the URL to resolve to an ASP.NET page and for the page to execute properly up to the Load event. The response from the request is stored in the file 'WebRequestResponse_parseAmenityTest.html' with the test results; typically this file can be opened with a Web browser to view its contents.</Message>
        </ErrorInfo>
      </Output>
      <ResultFiles>
        <ResultFile path="BOOTCAMP\WebRequestResponse_parseAmenityTest.html" />
      </ResultFiles>
    </UnitTestResult>
    <UnitTestResult executionId="800205c7-cf35-4537-9242-31779bfe06a8" testId="6a236c91-4f56-e5e7-4e69-8b4243ab49ca" testName="CSVParserConstructorTest" computerName="BOOTCAMP" startTime="2012-07-03T16:15:31.3090000+01:00" endTime="2012-07-03T16:15:31.7410000+01:00" testType="13cdc9d9-ddb5-4fa4-a97d-d965ccfc6d4b" outcome="Failed" testListId="8c84fa94-04c1-424b-9868-57a2d4851a1d" relativeResultsDirectory="800205c7-cf35-4537-9242-31779bfe06a8">
      <Output>
        <ErrorInfo>
          <Message>The Web request 'http://localhost:57136/' completed successfully without running the test. This can occur when configuring the Web application for testing fails (an ASP.NET server error occurs when processing the request), or when no ASP.NET page is executed (the URL may point to an HTML page, a Web service, or a directory listing). Running tests in ASP.NET requires the URL to resolve to an ASP.NET page and for the page to execute properly up to the Load event. The response from the request is stored in the file 'WebRequestResponse_CSVParserConstructor.html' with the test results; typically this file can be opened with a Web browser to view its contents.</Message>
        </ErrorInfo>
      </Output>
      <ResultFiles>
        <ResultFile path="BOOTCAMP\WebRequestResponse_CSVParserConstructor.html" />
      </ResultFiles>
    </UnitTestResult>
    <UnitTestResult executionId="2e67d40d-fe91-4853-bf8b-7b2355b04489" testId="705aa877-230b-8f1f-afe4-86fae479dc72" testName="supportsTypeTest1" computerName="BOOTCAMP" duration="00:00:00.0002912" startTime="2012-07-03T16:15:31.7460000+01:00" endTime="2012-07-03T16:15:31.7510000+01:00" testType="13cdc9d9-ddb5-4fa4-a97d-d965ccfc6d4b" outcome="Passed" testListId="8c84fa94-04c1-424b-9868-57a2d4851a1d" relativeResultsDirectory="2e67d40d-fe91-4853-bf8b-7b2355b04489">
    </UnitTestResult>
    <UnitTestResult executionId="b4f1718e-8440-4401-8758-e5641b999847" testId="cbe7228b-9640-f481-7a05-a1d64c3d6e64" testName="setStreamSourceTest" computerName="BOOTCAMP" duration="00:00:00.0236269" startTime="2012-07-03T16:15:31.7550000+01:00" endTime="2012-07-03T16:15:31.7830000+01:00" testType="13cdc9d9-ddb5-4fa4-a97d-d965ccfc6d4b" outcome="Failed" testListId="8c84fa94-04c1-424b-9868-57a2d4851a1d" relativeResultsDirectory="b4f1718e-8440-4401-8758-e5641b999847">
      <Output>
        <ErrorInfo>
          <Message>Test method CSVParserTest.CSVParserTest.setStreamSourceTest threw exception: 
System.IO.FileNotFoundException: Could not find file 'C:\Users\mcoffey\EF_Project\RateMyAmenity\RateMyAmenity\Content\ArtCentres.csv'.</Message>
          <StackTrace>    at System.IO.__Error.WinIOError(Int32 errorCode, String maybeFullPath)
   at System.IO.FileStream.Init(String path, FileMode mode, FileAccess access, Int32 rights, Boolean useRights, FileShare share, Int32 bufferSize, FileOptions options, SECURITY_ATTRIBUTES secAttrs, String msgPath, Boolean bFromProxy, Boolean useLongPath)
   at System.IO.FileStream..ctor(String path, FileMode mode, FileAccess access, FileShare share, Int32 bufferSize, FileOptions options)
   at System.IO.StreamReader..ctor(String path, Encoding encoding, Boolean detectEncodingFromByteOrderMarks, Int32 bufferSize)
   at System.IO.StreamReader..ctor(String path, Boolean detectEncodingFromByteOrderMarks)
   at CSVParserTest.CSVParserTest.setStreamSourceTest() in C:\Users\mcoffey\EF_Project\RateMyAmenity2\RateMyAmenity\CSVParserTest\CSVParserTest.cs:line 121
</StackTrace>
        </ErrorInfo>
      </Output>
    </UnitTestResult>
    <UnitTestResult executionId="06d47f92-54a5-41a4-abaa-46ca834625fd" testId="e1252009-4a8c-0eba-c607-bfb1a3f6e85f" testName="supportsTypeTest2" computerName="BOOTCAMP" duration="00:00:00.0002752" startTime="2012-07-03T16:15:31.7910000+01:00" endTime="2012-07-03T16:15:31.7950000+01:00" testType="13cdc9d9-ddb5-4fa4-a97d-d965ccfc6d4b" outcome="Passed" testListId="8c84fa94-04c1-424b-9868-57a2d4851a1d" relativeResultsDirectory="06d47f92-54a5-41a4-abaa-46ca834625fd">
    </UnitTestResult>
  </Results>
</TestRun>