<?xml version="1.0" encoding="UTF-8"?>
<TestRun id="5ae236dd-fd8a-494f-9c22-9e7aca1bc6cf" name="mcoffey@BOOTCAMP 2012-07-04 22:08:49" runUser="Bootcamp\mcoffey" xmlns="http://microsoft.com/schemas/VisualStudio/TeamTest/2010">
  <TestSettings name="Default Test Settings" id="81236e54-d809-450c-99ed-b24cb6d17fd2">
    <Deployment runDeploymentRoot="mcoffey_BOOTCAMP 2012-07-04 22_08_49">
      <DeploymentItem filename="C:\Program Files\Microsoft ASP.NET\ASP.NET Web Pages\v2.0\Assemblies\System.Web.WebPages.Razor.dll" />
      <DeploymentItem filename="C:\Program Files\Microsoft ASP.NET\ASP.NET MVC 4\Assemblies\System.Net.Http.WebRequest.dll" />
      <DeploymentItem filename="C:\Users\mcoffey\Documents\temp\RateMyAmenity2\RateMyAmenity\packages\Microsoft.AspNet.Providers.Core.1.0\lib\net40\System.Web.Providers.dll" />
      <DeploymentItem filename="C:\Program Files\Microsoft ASP.NET\ASP.NET MVC 4\Assemblies\System.Net.Http.Formatting.dll" />
      <DeploymentItem filename="C:\Users\mcoffey\Documents\temp\RateMyAmenity2\RateMyAmenity\packages\Newtonsoft.Json.4.5.1\lib\net40\Newtonsoft.Json.dll" />
      <DeploymentItem filename="C:\Program Files\Microsoft ASP.NET\ASP.NET Web Pages\v2.0\Assemblies\System.Web.WebPages.Deployment.dll" />
      <DeploymentItem filename="C:\Users\mcoffey\Documents\temp\RateMyAmenity2\RateMyAmenity\packages\EntityFramework.5.0.0-rc\lib\net40\EntityFramework.dll" />
      <DeploymentItem filename="C:\Users\mcoffey\Documents\temp\RateMyAmenity2\RateMyAmenity\packages\WebGrease.1.0.0\lib\Antlr3.Runtime.dll" />
      <DeploymentItem filename="C:\Program Files\Microsoft ASP.NET\ASP.NET Web Pages\v2.0\Assemblies\System.Web.Razor.dll" />
      <DeploymentItem filename="C:\Program Files\Microsoft ASP.NET\ASP.NET Web Pages\v2.0\Assemblies\System.Web.WebPages.dll" />
      <DeploymentItem filename="C:\Users\mcoffey\Documents\temp\RateMyAmenity2\RateMyAmenity\packages\WebGrease.1.0.0\lib\WebGrease.dll" />
      <DeploymentItem filename="C:\Program Files\Microsoft ASP.NET\ASP.NET Web Pages\v2.0\Assemblies\System.Web.Helpers.dll" />
      <DeploymentItem filename="C:\Program Files\Microsoft ASP.NET\ASP.NET Web Pages\v2.0\Assemblies\Microsoft.Web.Infrastructure.dll" />
      <DeploymentItem filename="C:\Users\mcoffey\Documents\temp\RateMyAmenity2\RateMyAmenity\RateMyAmenity\bin\RateMyAmenity.dll" />
      <DeploymentItem filename="C:\Program Files\Microsoft ASP.NET\ASP.NET MVC 4\Assemblies\System.Web.Http.WebHost.dll" />
      <DeploymentItem filename="C:\Program Files\Microsoft ASP.NET\ASP.NET MVC 4\Assemblies\System.Web.Http.dll" />
      <DeploymentItem filename="C:\Program Files\Microsoft ASP.NET\ASP.NET MVC 4\Assemblies\System.Web.Mvc.dll" />
      <DeploymentItem filename="C:\Program Files\Microsoft ASP.NET\ASP.NET MVC 4\Assemblies\System.Net.Http.dll" />
      <DeploymentItem filename="C:\Users\mcoffey\Documents\temp\RateMyAmenity2\RateMyAmenity\packages\Microsoft.AspNet.Web.Optimization.1.0.0-beta2\lib\net40\System.Web.Optimization.dll" />
    </Deployment>
    <Execution>
      <TestTypeSpecific />
      <AgentRule name="Execution Agents">
      </AgentRule>
    </Execution>
  </TestSettings>
  <Times creation="2012-07-04T22:08:49.0510000+01:00" queuing="2012-07-04T22:08:49.6270000+01:00" start="2012-07-04T22:08:49.6470000+01:00" finish="2012-07-04T22:08:50.7330000+01:00" />
  <ResultSummary outcome="Error">
    <Counters total="6" executed="6" passed="3" error="2" failed="1" timeout="0" aborted="0" inconclusive="0" passedButRunAborted="0" notRunnable="0" notExecuted="0" disconnected="0" warning="0" completed="0" inProgress="0" pending="0" />
  </ResultSummary>
  <TestDefinitions>
    <UnitTest name="supportsTypeTest2" storage="c:\users\mcoffey\documents\temp\ratemyamenity2\ratemyamenity\csvparsertest\bin\debug\csvparsertest.dll" id="e1252009-4a8c-0eba-c607-bfb1a3f6e85f">
      <Execution id="e8528b9a-e78b-4b69-8d7b-491146570b13" />
      <TestMethod codeBase="C:/Users/mcoffey/Documents/temp/RateMyAmenity2/RateMyAmenity/CSVParserTest/bin/Debug/CSVParserTest.DLL" adapterTypeName="Microsoft.VisualStudio.TestTools.TestTypes.Unit.UnitTestAdapter, Microsoft.VisualStudio.QualityTools.Tips.UnitTest.Adapter, Version=10.0.0.0, Culture=neutral, PublicKeyToken=b03f5f7f11d50a3a" className="CSVParserTest.CSVParserTest, CSVParserTest, Version=1.0.0.0, Culture=neutral, PublicKeyToken=null" name="supportsTypeTest2" />
    </UnitTest>
    <UnitTest name="CSVParserConstructorTest" storage="c:\users\mcoffey\documents\temp\ratemyamenity2\ratemyamenity\csvparsertest\bin\debug\csvparsertest.dll" id="6a236c91-4f56-e5e7-4e69-8b4243ab49ca">
      <Execution id="d799946e-688d-488a-8e74-bab728c53a11" />
      <TestMethod codeBase="C:/Users/mcoffey/Documents/temp/RateMyAmenity2/RateMyAmenity/CSVParserTest/bin/Debug/CSVParserTest.DLL" adapterTypeName="Microsoft.VisualStudio.TestTools.TestTypes.Unit.UnitTestAdapter, Microsoft.VisualStudio.QualityTools.Tips.UnitTest.Adapter, Version=10.0.0.0, Culture=neutral, PublicKeyToken=b03f5f7f11d50a3a" className="CSVParserTest.CSVParserTest, CSVParserTest, Version=1.0.0.0, Culture=neutral, PublicKeyToken=null" name="CSVParserConstructorTest" />
      <AspNet webSiteUrl="http://localhost:57136/">
        <Host pathToWebApp="C:\Users\mcoffey\EF_Project\RateMyAmenity2\RateMyAmenity\RateMyAmenity" webAppRoot="/" />
      </AspNet>
    </UnitTest>
    <UnitTest name="supportsTypeTest1" storage="c:\users\mcoffey\documents\temp\ratemyamenity2\ratemyamenity\csvparsertest\bin\debug\csvparsertest.dll" id="705aa877-230b-8f1f-afe4-86fae479dc72">
      <Execution id="20e386ba-14de-4693-bcc6-035649e850b7" />
      <TestMethod codeBase="C:/Users/mcoffey/Documents/temp/RateMyAmenity2/RateMyAmenity/CSVParserTest/bin/Debug/CSVParserTest.DLL" adapterTypeName="Microsoft.VisualStudio.TestTools.TestTypes.Unit.UnitTestAdapter, Microsoft.VisualStudio.QualityTools.Tips.UnitTest.Adapter, Version=10.0.0.0, Culture=neutral, PublicKeyToken=b03f5f7f11d50a3a" className="CSVParserTest.CSVParserTest, CSVParserTest, Version=1.0.0.0, Culture=neutral, PublicKeyToken=null" name="supportsTypeTest1" />
    </UnitTest>
    <UnitTest name="supportsTypeTest3" storage="c:\users\mcoffey\documents\temp\ratemyamenity2\ratemyamenity\csvparsertest\bin\debug\csvparsertest.dll" id="42db4b39-5203-7b6a-39b8-2800988ca319">
      <Execution id="81479597-f5e5-4204-b751-004fc44acb88" />
      <TestMethod codeBase="C:/Users/mcoffey/Documents/temp/RateMyAmenity2/RateMyAmenity/CSVParserTest/bin/Debug/CSVParserTest.DLL" adapterTypeName="Microsoft.VisualStudio.TestTools.TestTypes.Unit.UnitTestAdapter, Microsoft.VisualStudio.QualityTools.Tips.UnitTest.Adapter, Version=10.0.0.0, Culture=neutral, PublicKeyToken=b03f5f7f11d50a3a" className="CSVParserTest.CSVParserTest, CSVParserTest, Version=1.0.0.0, Culture=neutral, PublicKeyToken=null" name="supportsTypeTest3" />
    </UnitTest>
    <UnitTest name="parseAmenityTest" storage="c:\users\mcoffey\documents\temp\ratemyamenity2\ratemyamenity\csvparsertest\bin\debug\csvparsertest.dll" id="4ec337bb-1073-d5fb-57c0-bb93a94fbb6d">
      <DeploymentItems>
        <DeploymentItem filename="RateMyAmenity.dll" />
      </DeploymentItems>
      <Execution id="de827d53-d3d4-4ff3-882d-08b8969c2848" />
      <TestMethod codeBase="C:/Users/mcoffey/Documents/temp/RateMyAmenity2/RateMyAmenity/CSVParserTest/bin/Debug/CSVParserTest.DLL" adapterTypeName="Microsoft.VisualStudio.TestTools.TestTypes.Unit.UnitTestAdapter, Microsoft.VisualStudio.QualityTools.Tips.UnitTest.Adapter, Version=10.0.0.0, Culture=neutral, PublicKeyToken=b03f5f7f11d50a3a" className="CSVParserTest.CSVParserTest, CSVParserTest, Version=1.0.0.0, Culture=neutral, PublicKeyToken=null" name="parseAmenityTest" />
      <AspNet webSiteUrl="http://localhost:57136/">
        <Host pathToWebApp="C:\Users\mcoffey\EF_Project\RateMyAmenity2\RateMyAmenity\RateMyAmenity" webAppRoot="/" />
      </AspNet>
    </UnitTest>
    <UnitTest name="setStreamSourceTest" storage="c:\users\mcoffey\documents\temp\ratemyamenity2\ratemyamenity\csvparsertest\bin\debug\csvparsertest.dll" id="cbe7228b-9640-f481-7a05-a1d64c3d6e64">
      <Execution id="d348a526-c8b5-44c9-9783-b61c24179131" />
      <TestMethod codeBase="C:/Users/mcoffey/Documents/temp/RateMyAmenity2/RateMyAmenity/CSVParserTest/bin/Debug/CSVParserTest.DLL" adapterTypeName="Microsoft.VisualStudio.TestTools.TestTypes.Unit.UnitTestAdapter, Microsoft.VisualStudio.QualityTools.Tips.UnitTest.Adapter, Version=10.0.0.0, Culture=neutral, PublicKeyToken=b03f5f7f11d50a3a" className="CSVParserTest.CSVParserTest, CSVParserTest, Version=1.0.0.0, Culture=neutral, PublicKeyToken=null" name="setStreamSourceTest" />
    </UnitTest>
  </TestDefinitions>
  <TestLists>
    <TestList name="Results Not in a List" id="8c84fa94-04c1-424b-9868-57a2d4851a1d" />
    <TestList name="All Loaded Results" id="19431567-8539-422a-85d7-44ee4e166bda" />
  </TestLists>
  <TestEntries>
    <TestEntry testId="42db4b39-5203-7b6a-39b8-2800988ca319" executionId="81479597-f5e5-4204-b751-004fc44acb88" testListId="8c84fa94-04c1-424b-9868-57a2d4851a1d" />
    <TestEntry testId="4ec337bb-1073-d5fb-57c0-bb93a94fbb6d" executionId="de827d53-d3d4-4ff3-882d-08b8969c2848" testListId="8c84fa94-04c1-424b-9868-57a2d4851a1d" />
    <TestEntry testId="6a236c91-4f56-e5e7-4e69-8b4243ab49ca" executionId="d799946e-688d-488a-8e74-bab728c53a11" testListId="8c84fa94-04c1-424b-9868-57a2d4851a1d" />
    <TestEntry testId="705aa877-230b-8f1f-afe4-86fae479dc72" executionId="20e386ba-14de-4693-bcc6-035649e850b7" testListId="8c84fa94-04c1-424b-9868-57a2d4851a1d" />
    <TestEntry testId="cbe7228b-9640-f481-7a05-a1d64c3d6e64" executionId="d348a526-c8b5-44c9-9783-b61c24179131" testListId="8c84fa94-04c1-424b-9868-57a2d4851a1d" />
    <TestEntry testId="e1252009-4a8c-0eba-c607-bfb1a3f6e85f" executionId="e8528b9a-e78b-4b69-8d7b-491146570b13" testListId="8c84fa94-04c1-424b-9868-57a2d4851a1d" />
  </TestEntries>
  <Results>
    <UnitTestResult executionId="81479597-f5e5-4204-b751-004fc44acb88" testId="42db4b39-5203-7b6a-39b8-2800988ca319" testName="supportsTypeTest3" computerName="BOOTCAMP" duration="00:00:00.0511598" startTime="2012-07-04T22:08:49.6730000+01:00" endTime="2012-07-04T22:08:50.0290000+01:00" testType="13cdc9d9-ddb5-4fa4-a97d-d965ccfc6d4b" outcome="Failed" testListId="8c84fa94-04c1-424b-9868-57a2d4851a1d" relativeResultsDirectory="81479597-f5e5-4204-b751-004fc44acb88">
      <Output>
        <ErrorInfo>
          <Message>Assert.AreEqual failed. Expected:&lt;False&gt;. Actual:&lt;True&gt;. </Message>
          <StackTrace>   at CSVParserTest.CSVParserTest.supportsTypeTest3() in C:\Users\mcoffey\Documents\temp\RateMyAmenity2\RateMyAmenity\CSVParserTest\CSVParserTest.cs:line 161
</StackTrace>
        </ErrorInfo>
      </Output>
    </UnitTestResult>
    <UnitTestResult executionId="de827d53-d3d4-4ff3-882d-08b8969c2848" testId="4ec337bb-1073-d5fb-57c0-bb93a94fbb6d" testName="parseAmenityTest" computerName="BOOTCAMP" duration="00:00:00.2700000" startTime="2012-07-04T22:08:50.0480000+01:00" endTime="2012-07-04T22:08:50.3180000+01:00" testType="13cdc9d9-ddb5-4fa4-a97d-d965ccfc6d4b" testListId="8c84fa94-04c1-424b-9868-57a2d4851a1d" relativeResultsDirectory="de827d53-d3d4-4ff3-882d-08b8969c2848">
      <Output>
        <ErrorInfo>
          <Message>The test adapter 'WebHostAdapter' threw an exception while running test 'parseAmenityTest'. The web site could not be configured correctly; getting ASP.NET process information failed. Requesting 'http://localhost:57136/VSEnterpriseHelper.axd' returned an error: The remote server returned an error: (404) Not Found.
The remote server returned an error: (404) Not Found.</Message>
        </ErrorInfo>
      </Output>
    </UnitTestResult>
    <UnitTestResult executionId="d799946e-688d-488a-8e74-bab728c53a11" testId="6a236c91-4f56-e5e7-4e69-8b4243ab49ca" testName="CSVParserConstructorTest" computerName="BOOTCAMP" duration="00:00:00.3190000" startTime="2012-07-04T22:08:50.3310000+01:00" endTime="2012-07-04T22:08:50.6500000+01:00" testType="13cdc9d9-ddb5-4fa4-a97d-d965ccfc6d4b" testListId="8c84fa94-04c1-424b-9868-57a2d4851a1d" relativeResultsDirectory="d799946e-688d-488a-8e74-bab728c53a11">
      <Output>
        <ErrorInfo>
          <Message>The test adapter 'WebHostAdapter' threw an exception while running test 'CSVParserConstructorTest'. The web site could not be configured correctly; getting ASP.NET process information failed. Requesting 'http://localhost:57136/VSEnterpriseHelper.axd' returned an error: The remote server returned an error: (404) Not Found.
The remote server returned an error: (404) Not Found.</Message>
        </ErrorInfo>
      </Output>
    </UnitTestResult>
    <UnitTestResult executionId="20e386ba-14de-4693-bcc6-035649e850b7" testId="705aa877-230b-8f1f-afe4-86fae479dc72" testName="supportsTypeTest1" computerName="BOOTCAMP" duration="00:00:00.0002958" startTime="2012-07-04T22:08:50.6600000+01:00" endTime="2012-07-04T22:08:50.6650000+01:00" testType="13cdc9d9-ddb5-4fa4-a97d-d965ccfc6d4b" outcome="Passed" testListId="8c84fa94-04c1-424b-9868-57a2d4851a1d" relativeResultsDirectory="20e386ba-14de-4693-bcc6-035649e850b7">
    </UnitTestResult>
    <UnitTestResult executionId="d348a526-c8b5-44c9-9783-b61c24179131" testId="cbe7228b-9640-f481-7a05-a1d64c3d6e64" testName="setStreamSourceTest" computerName="BOOTCAMP" duration="00:00:00.0194703" startTime="2012-07-04T22:08:50.6700000+01:00" endTime="2012-07-04T22:08:50.6950000+01:00" testType="13cdc9d9-ddb5-4fa4-a97d-d965ccfc6d4b" outcome="Passed" testListId="8c84fa94-04c1-424b-9868-57a2d4851a1d" relativeResultsDirectory="d348a526-c8b5-44c9-9783-b61c24179131">
    </UnitTestResult>
    <UnitTestResult executionId="e8528b9a-e78b-4b69-8d7b-491146570b13" testId="e1252009-4a8c-0eba-c607-bfb1a3f6e85f" testName="supportsTypeTest2" computerName="BOOTCAMP" duration="00:00:00.0002794" startTime="2012-07-04T22:08:50.6990000+01:00" endTime="2012-07-04T22:08:50.7030000+01:00" testType="13cdc9d9-ddb5-4fa4-a97d-d965ccfc6d4b" outcome="Passed" testListId="8c84fa94-04c1-424b-9868-57a2d4851a1d" relativeResultsDirectory="e8528b9a-e78b-4b69-8d7b-491146570b13">
    </UnitTestResult>
  </Results>
</TestRun>